<?xml version="1.0" encoding="UTF-8"?>
<testng-results skipped="0" failed="0" total="2" passed="2">
  <reporter-output>
  </reporter-output>
  <suite name="Default suite" duration-ms="26057" started-at="2020-06-03T10:40:48Z" finished-at="2020-06-03T10:41:14Z">
    <groups>
    </groups>
    <test name="Default test" duration-ms="26057" started-at="2020-06-03T10:40:48Z" finished-at="2020-06-03T10:41:14Z">
      <class name="com.LockdownAutomation.TestCase1">
        <test-method status="PASS" signature="setup()[pri:0, instance:com.LockdownAutomation.TestCase1@724af044]" name="setup" is-config="true" duration-ms="10879" started-at="2020-06-03T16:10:48Z" finished-at="2020-06-03T16:10:59Z">
          <reporter-output>
          </reporter-output>
        </test-method> <!-- setup -->
        <test-method status="PASS" signature="test1()[pri:0, instance:com.LockdownAutomation.TestCase1@724af044]" name="test1" duration-ms="14" started-at="2020-06-03T16:10:59Z" finished-at="2020-06-03T16:10:59Z">
          <reporter-output>
          </reporter-output>
        </test-method> <!-- test1 -->
        <test-method status="PASS" signature="tearDown()[pri:0, instance:com.LockdownAutomation.TestCase1@724af044]" name="tearDown" is-config="true" duration-ms="2393" started-at="2020-06-03T16:10:59Z" finished-at="2020-06-03T16:11:01Z">
          <reporter-output>
          </reporter-output>
        </test-method> <!-- tearDown -->
        <test-method status="PASS" signature="setup()[pri:0, instance:com.LockdownAutomation.TestCase1@724af044]" name="setup" is-config="true" duration-ms="9736" started-at="2020-06-03T16:11:01Z" finished-at="2020-06-03T16:11:11Z">
          <reporter-output>
          </reporter-output>
        </test-method> <!-- setup -->
        <test-method status="PASS" signature="test2()[pri:0, instance:com.LockdownAutomation.TestCase1@724af044]" name="test2" duration-ms="912" started-at="2020-06-03T16:11:11Z" finished-at="2020-06-03T16:11:12Z">
          <reporter-output>
          </reporter-output>
        </test-method> <!-- test2 -->
        <test-method status="PASS" signature="tearDown()[pri:0, instance:com.LockdownAutomation.TestCase1@724af044]" name="tearDown" is-config="true" duration-ms="2097" started-at="2020-06-03T16:11:12Z" finished-at="2020-06-03T16:11:14Z">
          <reporter-output>
          </reporter-output>
        </test-method> <!-- tearDown -->
      </class> <!-- com.LockdownAutomation.TestCase1 -->
    </test> <!-- Default test -->
  </suite> <!-- Default suite -->
</testng-results>
